# JRE version: OpenJDK Runtime Environment (Zulu 8.86.0.25-CA-linux64) (8.0_452-b09) (build 1.8.0_452-b09)
# Java VM: OpenJDK 64-Bit Server VM (25.452-b09 mixed mode linux-amd64 compressed oops)
Heap:
 PSYoungGen      total 263680K, used 214422K [0x000000071af80000, 0x000000072d080000, 0x00000007c0000000)
  eden space 242688K, 88% used [0x000000071af80000,0x00000007280e5988,0x0000000729c80000)
  from space 20992K, 0% used [0x0000000729c80000,0x0000000729c80000,0x000000072b100000)
  to   space 20992K, 0% used [0x000000072bc00000,0x000000072bc00000,0x000000072d080000)
 ParOldGen       total 348672K, used 16568K [0x00000005d0e00000, 0x00000005e6280000, 0x000000071af80000)
  object space 348672K, 4% used [0x00000005d0e00000,0x00000005d1e2e210,0x00000005e6280000)
 Metaspace       used 42662K, capacity 45702K, committed 45824K, reserved 1089536K
  class space    used 5621K, capacity 6138K, committed 6144K, reserved 1048576K
GC Heap History (10 events):
Event: 0.453 GC heap before
{Heap before GC invocations=1 (full 0):
 PSYoungGen      total 147968K, used 119423K [0x000000071af80000, 0x0000000725480000, 0x00000007c0000000)
  eden space 126976K, 94% used [0x000000071af80000,0x000000072241fed8,0x0000000722b80000)
  from space 20992K, 0% used [0x0000000724000000,0x0000000724000000,0x0000000725480000)
  to   space 20992K, 0% used [0x0000000722b80000,0x0000000722b80000,0x0000000724000000)
 ParOldGen       total 338944K, used 0K [0x00000005d0e00000, 0x00000005e5900000, 0x000000071af80000)
  object space 338944K, 0% used [0x00000005d0e00000,0x00000005d0e00000,0x00000005e5900000)
 Metaspace       used 20500K, capacity 21216K, committed 21296K, reserved 1069056K
  class space    used 2540K, capacity 2688K, committed 2688K, reserved 1048576K
Event: 0.459 GC heap after
Heap after GC invocations=1 (full 0):
 PSYoungGen      total 147968K, used 13663K [0x000000071af80000, 0x000000072d080000, 0x00000007c0000000)
  eden space 126976K, 0% used [0x000000071af80000,0x000000071af80000,0x0000000722b80000)
  from space 20992K, 65% used [0x0000000722b80000,0x00000007238d7e38,0x0000000724000000)
  to   space 20992K, 0% used [0x000000072bc00000,0x000000072bc00000,0x000000072d080000)
 ParOldGen       total 338944K, used 16K [0x00000005d0e00000, 0x00000005e5900000, 0x000000071af80000)
  object space 338944K, 0% used [0x00000005d0e00000,0x00000005d0e04000,0x00000005e5900000)
 Metaspace       used 20500K, capacity 21216K, committed 21296K, reserved 1069056K
  class space    used 2540K, capacity 2688K, committed 2688K, reserved 1048576K
}
Event: 0.459 GC heap before
{Heap before GC invocations=2 (full 1):
 PSYoungGen      total 147968K, used 13663K [0x000000071af80000, 0x000000072d080000, 0x00000007c0000000)
  eden space 126976K, 0% used [0x000000071af80000,0x000000071af80000,0x0000000722b80000)
  from space 20992K, 65% used [0x0000000722b80000,0x00000007238d7e38,0x0000000724000000)
  to   space 20992K, 0% used [0x000000072bc00000,0x000000072bc00000,0x000000072d080000)
 ParOldGen       total 338944K, used 16K [0x00000005d0e00000, 0x00000005e5900000, 0x000000071af80000)
  object space 338944K, 0% used [0x00000005d0e00000,0x00000005d0e04000,0x00000005e5900000)
 Metaspace       used 20500K, capacity 21216K, committed 21296K, reserved 1069056K
  class space    used 2540K, capacity 2688K, committed 2688K, reserved 1048576K
Event: 0.469 GC heap after
Heap after GC invocations=2 (full 1):
 PSYoungGen      total 147968K, used 0K [0x000000071af80000, 0x000000072d080000, 0x00000007c0000000)
  eden space 126976K, 0% used [0x000000071af80000,0x000000071af80000,0x0000000722b80000)
  from space 20992K, 0% used [0x0000000722b80000,0x0000000722b80000,0x0000000724000000)
  to   space 20992K, 0% used [0x000000072bc00000,0x000000072bc00000,0x000000072d080000)
 ParOldGen       total 222208K, used 12936K [0x00000005d0e00000, 0x00000005de700000, 0x000000071af80000)
  object space 222208K, 5% used [0x00000005d0e00000,0x00000005d1aa2248,0x00000005de700000)
 Metaspace       used 20500K, capacity 21216K, committed 21296K, reserved 1069056K
  class space    used 2540K, capacity 2688K, committed 2688K, reserved 1048576K
}
Event: 0.754 GC heap before
{Heap before GC invocations=3 (full 1):
 PSYoungGen      total 147968K, used 126976K [0x000000071af80000, 0x000000072d080000, 0x00000007c0000000)
  eden space 126976K, 100% used [0x000000071af80000,0x0000000722b80000,0x0000000722b80000)
  from space 20992K, 0% used [0x0000000722b80000,0x0000000722b80000,0x0000000724000000)
  to   space 20992K, 0% used [0x000000072bc00000,0x000000072bc00000,0x000000072d080000)
 ParOldGen       total 222208K, used 12936K [0x00000005d0e00000, 0x00000005de700000, 0x000000071af80000)
  object space 222208K, 5% used [0x00000005d0e00000,0x00000005d1aa2248,0x00000005de700000)
 Metaspace       used 26282K, capacity 27464K, committed 27648K, reserved 1073152K
  class space    used 3335K, capacity 3550K, committed 3584K, reserved 1048576K
Event: 0.758 GC heap after
Heap after GC invocations=3 (full 1):
 PSYoungGen      total 183808K, used 9569K [0x000000071af80000, 0x000000072c580000, 0x00000007c0000000)
  eden space 174080K, 0% used [0x000000071af80000,0x000000071af80000,0x0000000725980000)
  from space 9728K, 98% used [0x000000072bc00000,0x000000072c558440,0x000000072c580000)
  to   space 20992K, 0% used [0x0000000729c80000,0x0000000729c80000,0x000000072b100000)
 ParOldGen       total 222208K, used 12944K [0x00000005d0e00000, 0x00000005de700000, 0x000000071af80000)
  object space 222208K, 5% used [0x00000005d0e00000,0x00000005d1aa4248,0x00000005de700000)
 Metaspace       used 26282K, capacity 27464K, committed 27648K, reserved 1073152K
  class space    used 3335K, capacity 3550K, committed 3584K, reserved 1048576K
}
Event: 1.104 GC heap before
{Heap before GC invocations=4 (full 1):
 PSYoungGen      total 183808K, used 122552K [0x000000071af80000, 0x000000072c580000, 0x00000007c0000000)
  eden space 174080K, 64% used [0x000000071af80000,0x0000000721dd5e00,0x0000000725980000)
  from space 9728K, 98% used [0x000000072bc00000,0x000000072c558440,0x000000072c580000)
  to   space 20992K, 0% used [0x0000000729c80000,0x0000000729c80000,0x000000072b100000)
 ParOldGen       total 222208K, used 12944K [0x00000005d0e00000, 0x00000005de700000, 0x000000071af80000)
  object space 222208K, 5% used [0x00000005d0e00000,0x00000005d1aa4248,0x00000005de700000)
 Metaspace       used 33325K, capacity 35386K, committed 35456K, reserved 1079296K
  class space    used 4308K, capacity 4691K, committed 4736K, reserved 1048576K
Event: 1.115 GC heap after
Heap after GC invocations=4 (full 1):
 PSYoungGen      total 263680K, used 12233K [0x000000071af80000, 0x000000072d080000, 0x00000007c0000000)
  eden space 242688K, 0% used [0x000000071af80000,0x000000071af80000,0x0000000729c80000)
  from space 20992K, 58% used [0x0000000729c80000,0x000000072a872718,0x000000072b100000)
  to   space 20992K, 0% used [0x000000072bc00000,0x000000072bc00000,0x000000072d080000)
 ParOldGen       total 222208K, used 12952K [0x00000005d0e00000, 0x00000005de700000, 0x000000071af80000)
  object space 222208K, 5% used [0x00000005d0e00000,0x00000005d1aa6248,0x00000005de700000)
 Metaspace       used 33325K, capacity 35386K, committed 35456K, reserved 1079296K
  class space    used 4308K, capacity 4691K, committed 4736K, reserved 1048576K
}
Event: 1.115 GC heap before
{Heap before GC invocations=5 (full 2):
 PSYoungGen      total 263680K, used 12233K [0x000000071af80000, 0x000000072d080000, 0x00000007c0000000)
  eden space 242688K, 0% used [0x000000071af80000,0x000000071af80000,0x0000000729c80000)
  from space 20992K, 58% used [0x0000000729c80000,0x000000072a872718,0x000000072b100000)
  to   space 20992K, 0% used [0x000000072bc00000,0x000000072bc00000,0x000000072d080000)
 ParOldGen       total 222208K, used 12952K [0x00000005d0e00000, 0x00000005de700000, 0x000000071af80000)
  object space 222208K, 5% used [0x00000005d0e00000,0x00000005d1aa6248,0x00000005de700000)
 Metaspace       used 33325K, capacity 35386K, committed 35456K, reserved 1079296K
  class space    used 4308K, capacity 4691K, committed 4736K, reserved 1048576K
Event: 1.135 GC heap after
Heap after GC invocations=5 (full 2):
 PSYoungGen      total 263680K, used 0K [0x000000071af80000, 0x000000072d080000, 0x00000007c0000000)
  eden space 242688K, 0% used [0x000000071af80000,0x000000071af80000,0x0000000729c80000)
  from space 20992K, 0% used [0x0000000729c80000,0x0000000729c80000,0x000000072b100000)
  to   space 20992K, 0% used [0x000000072bc00000,0x000000072bc00000,0x000000072d080000)
 ParOldGen       total 348672K, used 16568K [0x00000005d0e00000, 0x00000005e6280000, 0x000000071af80000)
  object space 348672K, 4% used [0x00000005d0e00000,0x00000005d1e2e210,0x00000005e6280000)
 Metaspace       used 33325K, capacity 35386K, committed 35456K, reserved 1079296K
  class space    used 4308K, capacity 4691K, committed 4736K, reserved 1048576K
}

