# JRE version: OpenJDK Runtime Environment (Zulu 8.86.0.25-CA-linux64) (8.0_452-b09) (build 1.8.0_452-b09)
# Java VM: OpenJDK 64-Bit Server VM (25.452-b09 mixed mode linux-amd64 compressed oops)
Heap:
 PSYoungGen      total 247808K, used 218649K [0x000000071af80000, 0x000000072be80000, 0x00000007c0000000)
  eden space 235520K, 92% used [0x000000071af80000,0x00000007285064a0,0x0000000729580000)
  from space 12288K, 0% used [0x0000000729c80000,0x0000000729c80000,0x000000072a880000)
  to   space 20992K, 0% used [0x000000072aa00000,0x000000072aa00000,0x000000072be80000)
 ParOldGen       total 369152K, used 16490K [0x00000005d0e00000, 0x00000005e7680000, 0x000000071af80000)
  object space 369152K, 4% used [0x00000005d0e00000,0x00000005d1e1ab98,0x00000005e7680000)
 Metaspace       used 42858K, capacity 45923K, committed 46080K, reserved 1089536K
  class space    used 5624K, capacity 6143K, committed 6144K, reserved 1048576K
GC Heap History (10 events):
Event: 0.498 GC heap before
{Heap before GC invocations=1 (full 0):
 PSYoungGen      total 147968K, used 119432K [0x000000071af80000, 0x0000000725480000, 0x00000007c0000000)
  eden space 126976K, 94% used [0x000000071af80000,0x0000000722422098,0x0000000722b80000)
  from space 20992K, 0% used [0x0000000724000000,0x0000000724000000,0x0000000725480000)
  to   space 20992K, 0% used [0x0000000722b80000,0x0000000722b80000,0x0000000724000000)
 ParOldGen       total 338944K, used 0K [0x00000005d0e00000, 0x00000005e5900000, 0x000000071af80000)
  object space 338944K, 0% used [0x00000005d0e00000,0x00000005d0e00000,0x00000005e5900000)
 Metaspace       used 20474K, capacity 21225K, committed 21296K, reserved 1069056K
  class space    used 2534K, capacity 2688K, committed 2688K, reserved 1048576K
Event: 0.504 GC heap after
Heap after GC invocations=1 (full 0):
 PSYoungGen      total 147968K, used 13549K [0x000000071af80000, 0x000000072d080000, 0x00000007c0000000)
  eden space 126976K, 0% used [0x000000071af80000,0x000000071af80000,0x0000000722b80000)
  from space 20992K, 64% used [0x0000000722b80000,0x00000007238bb408,0x0000000724000000)
  to   space 20992K, 0% used [0x000000072bc00000,0x000000072bc00000,0x000000072d080000)
 ParOldGen       total 338944K, used 16K [0x00000005d0e00000, 0x00000005e5900000, 0x000000071af80000)
  object space 338944K, 0% used [0x00000005d0e00000,0x00000005d0e04000,0x00000005e5900000)
 Metaspace       used 20474K, capacity 21225K, committed 21296K, reserved 1069056K
  class space    used 2534K, capacity 2688K, committed 2688K, reserved 1048576K
}
Event: 0.504 GC heap before
{Heap before GC invocations=2 (full 1):
 PSYoungGen      total 147968K, used 13549K [0x000000071af80000, 0x000000072d080000, 0x00000007c0000000)
  eden space 126976K, 0% used [0x000000071af80000,0x000000071af80000,0x0000000722b80000)
  from space 20992K, 64% used [0x0000000722b80000,0x00000007238bb408,0x0000000724000000)
  to   space 20992K, 0% used [0x000000072bc00000,0x000000072bc00000,0x000000072d080000)
 ParOldGen       total 338944K, used 16K [0x00000005d0e00000, 0x00000005e5900000, 0x000000071af80000)
  object space 338944K, 0% used [0x00000005d0e00000,0x00000005d0e04000,0x00000005e5900000)
 Metaspace       used 20474K, capacity 21225K, committed 21296K, reserved 1069056K
  class space    used 2534K, capacity 2688K, committed 2688K, reserved 1048576K
Event: 0.516 GC heap after
Heap after GC invocations=2 (full 1):
 PSYoungGen      total 147968K, used 0K [0x000000071af80000, 0x000000072d080000, 0x00000007c0000000)
  eden space 126976K, 0% used [0x000000071af80000,0x000000071af80000,0x0000000722b80000)
  from space 20992K, 0% used [0x0000000722b80000,0x0000000722b80000,0x0000000724000000)
  to   space 20992K, 0% used [0x000000072bc00000,0x000000072bc00000,0x000000072d080000)
 ParOldGen       total 224256K, used 12866K [0x00000005d0e00000, 0x00000005de900000, 0x000000071af80000)
  object space 224256K, 5% used [0x00000005d0e00000,0x00000005d1a90be0,0x00000005de900000)
 Metaspace       used 20474K, capacity 21225K, committed 21296K, reserved 1069056K
  class space    used 2534K, capacity 2688K, committed 2688K, reserved 1048576K
}
Event: 0.837 GC heap before
{Heap before GC invocations=3 (full 1):
 PSYoungGen      total 147968K, used 126976K [0x000000071af80000, 0x000000072d080000, 0x00000007c0000000)
  eden space 126976K, 100% used [0x000000071af80000,0x0000000722b80000,0x0000000722b80000)
  from space 20992K, 0% used [0x0000000722b80000,0x0000000722b80000,0x0000000724000000)
  to   space 20992K, 0% used [0x000000072bc00000,0x000000072bc00000,0x000000072d080000)
 ParOldGen       total 224256K, used 12866K [0x00000005d0e00000, 0x00000005de900000, 0x000000071af80000)
  object space 224256K, 5% used [0x00000005d0e00000,0x00000005d1a90be0,0x00000005de900000)
 Metaspace       used 26326K, capacity 27509K, committed 27648K, reserved 1073152K
  class space    used 3344K, capacity 3583K, committed 3584K, reserved 1048576K
Event: 0.842 GC heap after
Heap after GC invocations=3 (full 1):
 PSYoungGen      total 182272K, used 9660K [0x000000071af80000, 0x000000072c580000, 0x00000007c0000000)
  eden space 172544K, 0% used [0x000000071af80000,0x000000071af80000,0x0000000725800000)
  from space 9728K, 99% used [0x000000072bc00000,0x000000072c56f258,0x000000072c580000)
  to   space 20992K, 0% used [0x0000000729c80000,0x0000000729c80000,0x000000072b100000)
 ParOldGen       total 224256K, used 12874K [0x00000005d0e00000, 0x00000005de900000, 0x000000071af80000)
  object space 224256K, 5% used [0x00000005d0e00000,0x00000005d1a92be0,0x00000005de900000)
 Metaspace       used 26326K, capacity 27509K, committed 27648K, reserved 1073152K
  class space    used 3344K, capacity 3583K, committed 3584K, reserved 1048576K
}
Event: 1.183 GC heap before
{Heap before GC invocations=4 (full 1):
 PSYoungGen      total 182272K, used 121631K [0x000000071af80000, 0x000000072c580000, 0x00000007c0000000)
  eden space 172544K, 64% used [0x000000071af80000,0x0000000721cd89c8,0x0000000725800000)
  from space 9728K, 99% used [0x000000072bc00000,0x000000072c56f258,0x000000072c580000)
  to   space 20992K, 0% used [0x0000000729c80000,0x0000000729c80000,0x000000072b100000)
 ParOldGen       total 224256K, used 12874K [0x00000005d0e00000, 0x00000005de900000, 0x000000071af80000)
  object space 224256K, 5% used [0x00000005d0e00000,0x00000005d1a92be0,0x00000005de900000)
 Metaspace       used 33318K, capacity 35395K, committed 35456K, reserved 1079296K
  class space    used 4311K, capacity 4692K, committed 4736K, reserved 1048576K
Event: 1.188 GC heap after
Heap after GC invocations=4 (full 1):
 PSYoungGen      total 247808K, used 12176K [0x000000071af80000, 0x000000072be80000, 0x00000007c0000000)
  eden space 235520K, 0% used [0x000000071af80000,0x000000071af80000,0x0000000729580000)
  from space 12288K, 99% used [0x0000000729c80000,0x000000072a8640e8,0x000000072a880000)
  to   space 20992K, 0% used [0x000000072aa00000,0x000000072aa00000,0x000000072be80000)
 ParOldGen       total 224256K, used 12882K [0x00000005d0e00000, 0x00000005de900000, 0x000000071af80000)
  object space 224256K, 5% used [0x00000005d0e00000,0x00000005d1a94be0,0x00000005de900000)
 Metaspace       used 33318K, capacity 35395K, committed 35456K, reserved 1079296K
  class space    used 4311K, capacity 4692K, committed 4736K, reserved 1048576K
}
Event: 1.188 GC heap before
{Heap before GC invocations=5 (full 2):
 PSYoungGen      total 247808K, used 12176K [0x000000071af80000, 0x000000072be80000, 0x00000007c0000000)
  eden space 235520K, 0% used [0x000000071af80000,0x000000071af80000,0x0000000729580000)
  from space 12288K, 99% used [0x0000000729c80000,0x000000072a8640e8,0x000000072a880000)
  to   space 20992K, 0% used [0x000000072aa00000,0x000000072aa00000,0x000000072be80000)
 ParOldGen       total 224256K, used 12882K [0x00000005d0e00000, 0x00000005de900000, 0x000000071af80000)
  object space 224256K, 5% used [0x00000005d0e00000,0x00000005d1a94be0,0x00000005de900000)
 Metaspace       used 33318K, capacity 35395K, committed 35456K, reserved 1079296K
  class space    used 4311K, capacity 4692K, committed 4736K, reserved 1048576K
Event: 1.210 GC heap after
Heap after GC invocations=5 (full 2):
 PSYoungGen      total 247808K, used 0K [0x000000071af80000, 0x000000072be80000, 0x00000007c0000000)
  eden space 235520K, 0% used [0x000000071af80000,0x000000071af80000,0x0000000729580000)
  from space 12288K, 0% used [0x0000000729c80000,0x0000000729c80000,0x000000072a880000)
  to   space 20992K, 0% used [0x000000072aa00000,0x000000072aa00000,0x000000072be80000)
 ParOldGen       total 369152K, used 16490K [0x00000005d0e00000, 0x00000005e7680000, 0x000000071af80000)
  object space 369152K, 4% used [0x00000005d0e00000,0x00000005d1e1ab98,0x00000005e7680000)
 Metaspace       used 33318K, capacity 35395K, committed 35456K, reserved 1079296K
  class space    used 4311K, capacity 4692K, committed 4736K, reserved 1048576K
}

