# JRE version: OpenJDK Runtime Environment (Zulu 8.86.0.25-CA-linux64) (8.0_452-b09) (build 1.8.0_452-b09)
# Java VM: OpenJDK 64-Bit Server VM (25.452-b09 mixed mode linux-amd64 compressed oops)
Heap:
 PSYoungGen      total 234496K, used 216146K [0x000000071af80000, 0x000000072bc80000, 0x00000007c0000000)
  eden space 222208K, 97% used [0x000000071af80000,0x0000000728294998,0x0000000728880000)
  from space 12288K, 0% used [0x0000000729c80000,0x0000000729c80000,0x000000072a880000)
  to   space 20480K, 0% used [0x000000072a880000,0x000000072a880000,0x000000072bc80000)
 ParOldGen       total 385024K, used 16543K [0x00000005d0e00000, 0x00000005e8600000, 0x000000071af80000)
  object space 385024K, 4% used [0x00000005d0e00000,0x00000005d1e27e08,0x00000005e8600000)
 Metaspace       used 42760K, capacity 45858K, committed 46080K, reserved 1089536K
  class space    used 5624K, capacity 6142K, committed 6144K, reserved 1048576K
GC Heap History (10 events):
Event: 0.477 GC heap before
{Heap before GC invocations=1 (full 0):
 PSYoungGen      total 147968K, used 116842K [0x000000071af80000, 0x0000000725480000, 0x00000007c0000000)
  eden space 126976K, 92% used [0x000000071af80000,0x000000072219aaa8,0x0000000722b80000)
  from space 20992K, 0% used [0x0000000724000000,0x0000000724000000,0x0000000725480000)
  to   space 20992K, 0% used [0x0000000722b80000,0x0000000722b80000,0x0000000724000000)
 ParOldGen       total 338944K, used 0K [0x00000005d0e00000, 0x00000005e5900000, 0x000000071af80000)
  object space 338944K, 0% used [0x00000005d0e00000,0x00000005d0e00000,0x00000005e5900000)
 Metaspace       used 20507K, capacity 21216K, committed 21296K, reserved 1069056K
  class space    used 2540K, capacity 2688K, committed 2688K, reserved 1048576K
Event: 0.483 GC heap after
Heap after GC invocations=1 (full 0):
 PSYoungGen      total 147968K, used 13694K [0x000000071af80000, 0x000000072d080000, 0x00000007c0000000)
  eden space 126976K, 0% used [0x000000071af80000,0x000000071af80000,0x0000000722b80000)
  from space 20992K, 65% used [0x0000000722b80000,0x00000007238df8d8,0x0000000724000000)
  to   space 20992K, 0% used [0x000000072bc00000,0x000000072bc00000,0x000000072d080000)
 ParOldGen       total 338944K, used 16K [0x00000005d0e00000, 0x00000005e5900000, 0x000000071af80000)
  object space 338944K, 0% used [0x00000005d0e00000,0x00000005d0e04000,0x00000005e5900000)
 Metaspace       used 20507K, capacity 21216K, committed 21296K, reserved 1069056K
  class space    used 2540K, capacity 2688K, committed 2688K, reserved 1048576K
}
Event: 0.483 GC heap before
{Heap before GC invocations=2 (full 1):
 PSYoungGen      total 147968K, used 13694K [0x000000071af80000, 0x000000072d080000, 0x00000007c0000000)
  eden space 126976K, 0% used [0x000000071af80000,0x000000071af80000,0x0000000722b80000)
  from space 20992K, 65% used [0x0000000722b80000,0x00000007238df8d8,0x0000000724000000)
  to   space 20992K, 0% used [0x000000072bc00000,0x000000072bc00000,0x000000072d080000)
 ParOldGen       total 338944K, used 16K [0x00000005d0e00000, 0x00000005e5900000, 0x000000071af80000)
  object space 338944K, 0% used [0x00000005d0e00000,0x00000005d0e04000,0x00000005e5900000)
 Metaspace       used 20507K, capacity 21216K, committed 21296K, reserved 1069056K
  class space    used 2540K, capacity 2688K, committed 2688K, reserved 1048576K
Event: 0.496 GC heap after
Heap after GC invocations=2 (full 1):
 PSYoungGen      total 147968K, used 0K [0x000000071af80000, 0x000000072d080000, 0x00000007c0000000)
  eden space 126976K, 0% used [0x000000071af80000,0x000000071af80000,0x0000000722b80000)
  from space 20992K, 0% used [0x0000000722b80000,0x0000000722b80000,0x0000000724000000)
  to   space 20992K, 0% used [0x000000072bc00000,0x000000072bc00000,0x000000072d080000)
 ParOldGen       total 229376K, used 12922K [0x00000005d0e00000, 0x00000005dee00000, 0x000000071af80000)
  object space 229376K, 5% used [0x00000005d0e00000,0x00000005d1a9ea20,0x00000005dee00000)
 Metaspace       used 20507K, capacity 21216K, committed 21296K, reserved 1069056K
  class space    used 2540K, capacity 2688K, committed 2688K, reserved 1048576K
}
Event: 0.792 GC heap before
{Heap before GC invocations=3 (full 1):
 PSYoungGen      total 147968K, used 126976K [0x000000071af80000, 0x000000072d080000, 0x00000007c0000000)
  eden space 126976K, 100% used [0x000000071af80000,0x0000000722b80000,0x0000000722b80000)
  from space 20992K, 0% used [0x0000000722b80000,0x0000000722b80000,0x0000000724000000)
  to   space 20992K, 0% used [0x000000072bc00000,0x000000072bc00000,0x000000072d080000)
 ParOldGen       total 229376K, used 12922K [0x00000005d0e00000, 0x00000005dee00000, 0x000000071af80000)
  object space 229376K, 5% used [0x00000005d0e00000,0x00000005d1a9ea20,0x00000005dee00000)
 Metaspace       used 26298K, capacity 27500K, committed 27648K, reserved 1073152K
  class space    used 3342K, capacity 3582K, committed 3584K, reserved 1048576K
Event: 0.796 GC heap after
Heap after GC invocations=3 (full 1):
 PSYoungGen      total 176128K, used 9569K [0x000000071af80000, 0x000000072c580000, 0x00000007c0000000)
  eden space 166400K, 0% used [0x000000071af80000,0x000000071af80000,0x0000000725200000)
  from space 9728K, 98% used [0x000000072bc00000,0x000000072c558440,0x000000072c580000)
  to   space 20992K, 0% used [0x0000000729c80000,0x0000000729c80000,0x000000072b100000)
 ParOldGen       total 229376K, used 12930K [0x00000005d0e00000, 0x00000005dee00000, 0x000000071af80000)
  object space 229376K, 5% used [0x00000005d0e00000,0x00000005d1aa0a20,0x00000005dee00000)
 Metaspace       used 26298K, capacity 27500K, committed 27648K, reserved 1073152K
  class space    used 3342K, capacity 3582K, committed 3584K, reserved 1048576K
}
Event: 1.157 GC heap before
{Heap before GC invocations=4 (full 1):
 PSYoungGen      total 176128K, used 123529K [0x000000071af80000, 0x000000072c580000, 0x00000007c0000000)
  eden space 166400K, 68% used [0x000000071af80000,0x0000000721eca1a0,0x0000000725200000)
  from space 9728K, 98% used [0x000000072bc00000,0x000000072c558440,0x000000072c580000)
  to   space 20992K, 0% used [0x0000000729c80000,0x0000000729c80000,0x000000072b100000)
 ParOldGen       total 229376K, used 12930K [0x00000005d0e00000, 0x00000005dee00000, 0x000000071af80000)
  object space 229376K, 5% used [0x00000005d0e00000,0x00000005d1aa0a20,0x00000005dee00000)
 Metaspace       used 33335K, capacity 35390K, committed 35456K, reserved 1079296K
  class space    used 4314K, capacity 4691K, committed 4736K, reserved 1048576K
Event: 1.163 GC heap after
Heap after GC invocations=4 (full 1):
 PSYoungGen      total 234496K, used 12262K [0x000000071af80000, 0x000000072bc80000, 0x00000007c0000000)
  eden space 222208K, 0% used [0x000000071af80000,0x000000071af80000,0x0000000728880000)
  from space 12288K, 99% used [0x0000000729c80000,0x000000072a8798a0,0x000000072a880000)
  to   space 20480K, 0% used [0x000000072a880000,0x000000072a880000,0x000000072bc80000)
 ParOldGen       total 229376K, used 12938K [0x00000005d0e00000, 0x00000005dee00000, 0x000000071af80000)
  object space 229376K, 5% used [0x00000005d0e00000,0x00000005d1aa2a20,0x00000005dee00000)
 Metaspace       used 33335K, capacity 35390K, committed 35456K, reserved 1079296K
  class space    used 4314K, capacity 4691K, committed 4736K, reserved 1048576K
}
Event: 1.163 GC heap before
{Heap before GC invocations=5 (full 2):
 PSYoungGen      total 234496K, used 12262K [0x000000071af80000, 0x000000072bc80000, 0x00000007c0000000)
  eden space 222208K, 0% used [0x000000071af80000,0x000000071af80000,0x0000000728880000)
  from space 12288K, 99% used [0x0000000729c80000,0x000000072a8798a0,0x000000072a880000)
  to   space 20480K, 0% used [0x000000072a880000,0x000000072a880000,0x000000072bc80000)
 ParOldGen       total 229376K, used 12938K [0x00000005d0e00000, 0x00000005dee00000, 0x000000071af80000)
  object space 229376K, 5% used [0x00000005d0e00000,0x00000005d1aa2a20,0x00000005dee00000)
 Metaspace       used 33335K, capacity 35390K, committed 35456K, reserved 1079296K
  class space    used 4314K, capacity 4691K, committed 4736K, reserved 1048576K
Event: 1.189 GC heap after
Heap after GC invocations=5 (full 2):
 PSYoungGen      total 234496K, used 0K [0x000000071af80000, 0x000000072bc80000, 0x00000007c0000000)
  eden space 222208K, 0% used [0x000000071af80000,0x000000071af80000,0x0000000728880000)
  from space 12288K, 0% used [0x0000000729c80000,0x0000000729c80000,0x000000072a880000)
  to   space 20480K, 0% used [0x000000072a880000,0x000000072a880000,0x000000072bc80000)
 ParOldGen       total 385024K, used 16543K [0x00000005d0e00000, 0x00000005e8600000, 0x000000071af80000)
  object space 385024K, 4% used [0x00000005d0e00000,0x00000005d1e27e08,0x00000005e8600000)
 Metaspace       used 33335K, capacity 35390K, committed 35456K, reserved 1079296K
  class space    used 4314K, capacity 4691K, committed 4736K, reserved 1048576K
}

